{"driver":true,"name":"MongoError","index":0,"code":11000,"keyPattern":{"email":1},"keyValue":{"email":"kaushal@gmail.com"},"level":"error","timestamp":"2021-07-08T04:26:48.964Z"}
{"message":"user not exist please signup","level":"error","timestamp":"2021-07-08T06:42:47.112Z"}
{"message":"user not exist please signup","level":"error","timestamp":"2021-07-08T06:42:55.041Z"}
{"message":"user not exist please signup","level":"error","timestamp":"2021-07-08T06:43:01.416Z"}
{"message":"password invalid","level":"error","timestamp":"2021-07-08T07:07:44.664Z"}
{"message":"user not exist please signup","level":"error","timestamp":"2021-07-08T11:22:49.957Z"}
{"message":"user not exist please signup","level":"error","timestamp":"2021-07-08T11:22:56.072Z"}
{"message":"user not exist please signup","level":"error","timestamp":"2021-07-08T13:41:59.450Z"}
{"driver":true,"name":"MongoError","index":0,"code":11000,"keyPattern":{"email":1},"keyValue":{"email":"tiku@gmail.com"},"level":"error","timestamp":"2021-07-09T10:33:07.926Z"}
{"message":"password invalid","level":"error","timestamp":"2021-07-09T10:37:55.354Z"}
{"message":"password invalid","level":"error","timestamp":"2021-07-09T10:38:03.158Z"}
{"message":"password invalid","level":"error","timestamp":"2021-07-09T10:38:17.574Z"}
{"message":"email already exist error","level":"error","timestamp":"2021-07-09T10:43:48.761Z"}
{"message":"user not exist please signup","level":"error","timestamp":"2021-07-09T12:59:35.708Z"}
{"message":"password invalid","level":"error","timestamp":"2021-07-09T13:35:42.420Z"}
{"message":"password invalid","level":"error","timestamp":"2021-07-10T07:14:08.354Z"}
{"message":"password invalid","level":"error","timestamp":"2021-07-13T04:09:04.219Z"}
{"message":"password invalid","level":"error","timestamp":"2021-07-13T04:09:13.443Z"}
{"message":"database not connected","level":"error","timestamp":"2021-07-13T09:20:54.325Z"}
{"message":"password invalid","level":"error","timestamp":"2021-07-14T04:16:59.338Z"}
{"message":"password invalid","level":"error","timestamp":"2021-07-14T05:26:59.502Z"}
{"message":"database not connected","level":"error","timestamp":"2021-07-14T06:17:09.996Z"}
{"message":"database not connected","level":"error","timestamp":"2021-11-11T10:58:59.894Z"}
{"message":"database not connected","level":"error","timestamp":"2021-11-11T10:59:28.048Z"}
{"message":"database not connected","level":"error","timestamp":"2021-11-11T11:00:47.433Z"}
{"message":"database not connected","level":"error","timestamp":"2021-11-11T11:01:00.652Z"}
{"message":"database not connected","level":"error","timestamp":"2021-11-11T11:01:40.883Z"}
{"message":"database not connected","level":"error","timestamp":"2021-11-11T11:03:26.975Z"}
{"message":"database not connected","level":"error","timestamp":"2021-11-11T11:03:47.948Z"}
{"message":"database not connected","level":"error","timestamp":"2021-11-11T11:04:05.649Z"}
{"message":"database not connected","level":"error","timestamp":"2021-11-11T11:04:16.893Z"}
{"message":"database not connected","level":"error","timestamp":"2021-11-11T11:04:28.694Z"}
{"message":"Password must contain at least one (numeric digit,uppercase,lowercase) and length 6-20  ","level":"error","timestamp":"2021-11-11T11:08:55.862Z"}
{"code":"EAUTH","response":"535-5.7.8 Username and Password not accepted. Learn more at\n535 5.7.8  https://support.google.com/mail/?p=BadCredentials q4sm2693846wrs.56 - gsmtp","responseCode":535,"command":"AUTH PLAIN","level":"error","timestamp":"2021-11-11T11:14:06.375Z"}
{"code":"EAUTH","response":"535-5.7.8 Username and Password not accepted. Learn more at\n535 5.7.8  https://support.google.com/mail/?p=BadCredentials f20sm6407166pfe.166 - gsmtp","responseCode":535,"command":"AUTH PLAIN","level":"error","timestamp":"2021-12-23T11:31:34.754Z"}
{"code":"EAUTH","response":"535-5.7.8 Username and Password not accepted. Learn more at\n535 5.7.8  https://support.google.com/mail/?p=BadCredentials m18sm6234415pfk.68 - gsmtp","responseCode":535,"command":"AUTH PLAIN","level":"error","timestamp":"2021-12-23T11:31:50.123Z"}
{"message":"password invalid","level":"error","timestamp":"2022-01-07T06:59:21.798Z"}
{"message":"database not connected","level":"error","timestamp":"2022-05-09T13:06:09.860Z"}
{"message":"database not connected","level":"error","timestamp":"2022-05-09T13:07:20.494Z"}
{"message":"database not connected","level":"error","timestamp":"2022-05-09T13:07:49.385Z"}
{"message":"Password must contain at least one (numeric digit,uppercase,lowercase) and length 6-20  ","level":"error","timestamp":"2022-05-17T10:43:22.568Z"}
{"message":"invalid date error","level":"error","timestamp":"2022-05-17T10:45:08.555Z"}
{"message":"invalid date error","level":"error","timestamp":"2022-05-17T10:45:20.690Z"}
{"message":"password invalid","level":"error","timestamp":"2022-05-17T10:45:47.649Z"}
{"message":"Password must contain at least one (numeric digit,uppercase,lowercase) and length 6-20  ","level":"error","timestamp":"2022-05-17T10:46:41.802Z"}
{"message":"password invalid","level":"error","timestamp":"2022-06-17T07:27:57.391Z"}
{"message":"user not exist please signup","level":"error","timestamp":"2022-10-11T11:45:18.692Z"}
{"message":"user not exist please signup","level":"error","timestamp":"2022-10-11T11:45:28.178Z"}
{"message":"user not exist please signup","level":"error","timestamp":"2022-10-11T11:45:42.239Z"}
{"message":"user not exist please signup","level":"error","timestamp":"2022-10-11T11:45:55.230Z"}
{"message":"user not exist please signup","level":"error","timestamp":"2022-10-11T11:45:59.449Z"}
{"message":"please enter only aplphabat in name field ","level":"error","timestamp":"2022-10-11T11:56:51.611Z"}
{"message":"password invalid","level":"error","timestamp":"2023-01-09T11:46:56.667Z"}
{"message":"password invalid","level":"error","timestamp":"2023-01-09T11:47:03.305Z"}
{"message":"password invalid","level":"error","timestamp":"2023-01-09T11:47:09.162Z"}
{"message":"password invalid","level":"error","timestamp":"2023-01-09T12:06:07.373Z"}
